<?xml version="1.0" encoding="UTF-8"?>
<testsuite xmlns:xsi="http://www.w3.org/2001/XMLSchema-instance" xsi:noNamespaceSchemaLocation="https://maven.apache.org/surefire/maven-surefire-plugin/xsd/surefire-test-report-3.0.xsd" version="3.0" name="com.todoapp.WebSocketTests" time="0.036" tests="2" errors="0" skipped="0" failures="0">
  <properties>
[...]
</properties>
  <testcase name="getMessageByWs" classname="com.todoapp.WebSocketTests" time="0.022">
    <system-out><![CDATA[WebSocket established
New To Do: 1114, Text: "WS text", Completed: false
New request is: {"data":{"completed":false,"id":1114,"text":"WS text"},"type":"new_todo"}
]]></system-out>
    <system-err><![CDATA[Mar 19, 2025 1:33:12 PM okhttp3.internal.platform.Platform log
INFO: --> POST http://localhost:8080/todos
Mar 19, 2025 1:33:12 PM okhttp3.internal.platform.Platform log
INFO: Content-Type: application/json; charset=utf-8
Mar 19, 2025 1:33:12 PM okhttp3.internal.platform.Platform log
INFO: Content-Length: 46
Mar 19, 2025 1:33:12 PM okhttp3.internal.platform.Platform log
INFO: 
Mar 19, 2025 1:33:12 PM okhttp3.internal.platform.Platform log
INFO: {"id":1114,"text":"WS text","completed":false}
Mar 19, 2025 1:33:12 PM okhttp3.internal.platform.Platform log
INFO: --> END POST (46-byte body)
Mar 19, 2025 1:33:12 PM okhttp3.internal.platform.Platform log
INFO: <-- 201 Created http://localhost:8080/todos (2ms)
Mar 19, 2025 1:33:12 PM okhttp3.internal.platform.Platform log
INFO: content-length: 0
Mar 19, 2025 1:33:12 PM okhttp3.internal.platform.Platform log
INFO: date: Wed, 19 Mar 2025 10:33:11 GMT
Mar 19, 2025 1:33:12 PM okhttp3.internal.platform.Platform log
INFO: <-- END HTTP (0-byte body)
Mar 19, 2025 1:33:12 PM okhttp3.internal.platform.Platform log
INFO: --> GET http://localhost:8080/todos
Mar 19, 2025 1:33:12 PM okhttp3.internal.platform.Platform log
INFO: --> END GET
Mar 19, 2025 1:33:12 PM okhttp3.internal.platform.Platform log
INFO: <-- 200 OK http://localhost:8080/todos (6ms)
Mar 19, 2025 1:33:12 PM okhttp3.internal.platform.Platform log
INFO: content-type: application/json
Mar 19, 2025 1:33:12 PM okhttp3.internal.platform.Platform log
INFO: content-length: 48
Mar 19, 2025 1:33:12 PM okhttp3.internal.platform.Platform log
INFO: date: Wed, 19 Mar 2025 10:33:11 GMT
Mar 19, 2025 1:33:12 PM okhttp3.internal.platform.Platform log
INFO: 
Mar 19, 2025 1:33:12 PM okhttp3.internal.platform.Platform log
INFO: [{"id":1114,"text":"WS text","completed":false}]
Mar 19, 2025 1:33:12 PM okhttp3.internal.platform.Platform log
INFO: <-- END HTTP (48-byte body)
Mar 19, 2025 1:33:12 PM okhttp3.internal.platform.Platform log
INFO: --> DELETE http://localhost:8080/todos/1114
Mar 19, 2025 1:33:12 PM okhttp3.internal.platform.Platform log
INFO: Content-Length: 0
Mar 19, 2025 1:33:12 PM okhttp3.internal.platform.Platform log
INFO: Authorization: Basic YWRtaW46YWRtaW4=
Mar 19, 2025 1:33:12 PM okhttp3.internal.platform.Platform log
INFO: 
Mar 19, 2025 1:33:12 PM okhttp3.internal.platform.Platform log
INFO: 
Mar 19, 2025 1:33:12 PM okhttp3.internal.platform.Platform log
INFO: --> END DELETE (0-byte body)
Mar 19, 2025 1:33:12 PM okhttp3.internal.platform.Platform log
INFO: <-- 204 No Content http://localhost:8080/todos/1114 (1ms)
Mar 19, 2025 1:33:12 PM okhttp3.internal.platform.Platform log
INFO: date: Wed, 19 Mar 2025 10:33:11 GMT
Mar 19, 2025 1:33:12 PM okhttp3.internal.platform.Platform log
INFO: <-- END HTTP
]]></system-err>
  </testcase>
  <testcase name="checkMessageByWs" classname="com.todoapp.WebSocketTests" time="0.01">
    <system-out><![CDATA[New To Do: 3372, Text: "this is THE text", Completed: false
New request is: {"data":{"completed":false,"id":3372,"text":"this is THE text"},"type":"new_todo"}
]]></system-out>
    <system-err><![CDATA[Mar 19, 2025 1:33:12 PM okhttp3.internal.platform.Platform log
INFO: --> POST http://localhost:8080/todos
Mar 19, 2025 1:33:12 PM okhttp3.internal.platform.Platform log
INFO: Content-Type: application/json; charset=utf-8
Mar 19, 2025 1:33:12 PM okhttp3.internal.platform.Platform log
INFO: Content-Length: 55
Mar 19, 2025 1:33:12 PM okhttp3.internal.platform.Platform log
INFO: 
Mar 19, 2025 1:33:12 PM okhttp3.internal.platform.Platform log
INFO: {"id":3372,"text":"this is THE text","completed":false}
Mar 19, 2025 1:33:12 PM okhttp3.internal.platform.Platform log
INFO: --> END POST (55-byte body)
Mar 19, 2025 1:33:12 PM okhttp3.internal.platform.Platform log
INFO: <-- 201 Created http://localhost:8080/todos (1ms)
Mar 19, 2025 1:33:12 PM okhttp3.internal.platform.Platform log
INFO: content-length: 0
Mar 19, 2025 1:33:12 PM okhttp3.internal.platform.Platform log
INFO: date: Wed, 19 Mar 2025 10:33:11 GMT
Mar 19, 2025 1:33:12 PM okhttp3.internal.platform.Platform log
INFO: <-- END HTTP (0-byte body)
Mar 19, 2025 1:33:12 PM okhttp3.internal.platform.Platform log
INFO: --> GET http://localhost:8080/todos
Mar 19, 2025 1:33:12 PM okhttp3.internal.platform.Platform log
INFO: --> END GET
Mar 19, 2025 1:33:12 PM okhttp3.internal.platform.Platform log
INFO: <-- 200 OK http://localhost:8080/todos (1ms)
Mar 19, 2025 1:33:12 PM okhttp3.internal.platform.Platform log
INFO: content-type: application/json
Mar 19, 2025 1:33:12 PM okhttp3.internal.platform.Platform log
INFO: content-length: 57
Mar 19, 2025 1:33:12 PM okhttp3.internal.platform.Platform log
INFO: date: Wed, 19 Mar 2025 10:33:11 GMT
Mar 19, 2025 1:33:12 PM okhttp3.internal.platform.Platform log
INFO: 
Mar 19, 2025 1:33:12 PM okhttp3.internal.platform.Platform log
INFO: [{"id":3372,"text":"this is THE text","completed":false}]
Mar 19, 2025 1:33:12 PM okhttp3.internal.platform.Platform log
INFO: <-- END HTTP (57-byte body)
Mar 19, 2025 1:33:12 PM okhttp3.internal.platform.Platform log
INFO: --> DELETE http://localhost:8080/todos/3372
Mar 19, 2025 1:33:12 PM okhttp3.internal.platform.Platform log
INFO: Content-Length: 0
Mar 19, 2025 1:33:12 PM okhttp3.internal.platform.Platform log
INFO: Authorization: Basic YWRtaW46YWRtaW4=
Mar 19, 2025 1:33:12 PM okhttp3.internal.platform.Platform log
INFO: 
Mar 19, 2025 1:33:12 PM okhttp3.internal.platform.Platform log
INFO: 
Mar 19, 2025 1:33:12 PM okhttp3.internal.platform.Platform log
INFO: --> END DELETE (0-byte body)
Mar 19, 2025 1:33:12 PM okhttp3.internal.platform.Platform log
INFO: <-- 204 No Content http://localhost:8080/todos/3372 (2ms)
Mar 19, 2025 1:33:12 PM okhttp3.internal.platform.Platform log
INFO: date: Wed, 19 Mar 2025 10:33:11 GMT
Mar 19, 2025 1:33:12 PM okhttp3.internal.platform.Platform log
INFO: <-- END HTTP
]]></system-err>
  </testcase>
</testsuite>