<?xml version="1.0" encoding="UTF-8"?>
<testsuite xmlns:xsi="http://www.w3.org/2001/XMLSchema-instance" xsi:noNamespaceSchemaLocation="https://maven.apache.org/surefire/maven-surefire-plugin/xsd/surefire-test-report-3.0.xsd" version="3.0" name="com.todoapp.PostToDoTests" time="0.073" tests="5" errors="0" skipped="0" failures="0">
  <properties>
[...]
</properties>
  <testcase name="postToDoWithEmptyText" classname="com.todoapp.PostToDoTests" time="0.017">
    <system-err><![CDATA[Mar 19, 2025 1:33:11 PM okhttp3.internal.platform.Platform log
INFO: --> POST http://localhost:8080/todos
Mar 19, 2025 1:33:11 PM okhttp3.internal.platform.Platform log
INFO: Content-Type: application/json; charset=utf-8
Mar 19, 2025 1:33:11 PM okhttp3.internal.platform.Platform log
INFO: Content-Length: 39
Mar 19, 2025 1:33:11 PM okhttp3.internal.platform.Platform log
INFO: 
Mar 19, 2025 1:33:11 PM okhttp3.internal.platform.Platform log
INFO: {"id":5241,"text":"","completed":false}
Mar 19, 2025 1:33:11 PM okhttp3.internal.platform.Platform log
INFO: --> END POST (39-byte body)
Mar 19, 2025 1:33:11 PM okhttp3.internal.platform.Platform log
INFO: <-- 201 Created http://localhost:8080/todos (2ms)
Mar 19, 2025 1:33:11 PM okhttp3.internal.platform.Platform log
INFO: content-length: 0
Mar 19, 2025 1:33:11 PM okhttp3.internal.platform.Platform log
INFO: date: Wed, 19 Mar 2025 10:33:11 GMT
Mar 19, 2025 1:33:11 PM okhttp3.internal.platform.Platform log
INFO: <-- END HTTP (0-byte body)
Mar 19, 2025 1:33:11 PM okhttp3.internal.platform.Platform log
INFO: --> GET http://localhost:8080/todos
Mar 19, 2025 1:33:11 PM okhttp3.internal.platform.Platform log
INFO: --> END GET
Mar 19, 2025 1:33:11 PM okhttp3.internal.platform.Platform log
INFO: <-- 200 OK http://localhost:8080/todos (4ms)
Mar 19, 2025 1:33:11 PM okhttp3.internal.platform.Platform log
INFO: content-type: application/json
Mar 19, 2025 1:33:11 PM okhttp3.internal.platform.Platform log
INFO: content-length: 41
Mar 19, 2025 1:33:11 PM okhttp3.internal.platform.Platform log
INFO: date: Wed, 19 Mar 2025 10:33:11 GMT
Mar 19, 2025 1:33:11 PM okhttp3.internal.platform.Platform log
INFO: 
Mar 19, 2025 1:33:11 PM okhttp3.internal.platform.Platform log
INFO: [{"id":5241,"text":"","completed":false}]
Mar 19, 2025 1:33:11 PM okhttp3.internal.platform.Platform log
INFO: <-- END HTTP (41-byte body)
Mar 19, 2025 1:33:11 PM okhttp3.internal.platform.Platform log
INFO: --> GET http://localhost:8080/todos
Mar 19, 2025 1:33:11 PM okhttp3.internal.platform.Platform log
INFO: --> END GET
Mar 19, 2025 1:33:11 PM okhttp3.internal.platform.Platform log
INFO: <-- 200 OK http://localhost:8080/todos (2ms)
Mar 19, 2025 1:33:11 PM okhttp3.internal.platform.Platform log
INFO: content-type: application/json
Mar 19, 2025 1:33:11 PM okhttp3.internal.platform.Platform log
INFO: content-length: 41
Mar 19, 2025 1:33:11 PM okhttp3.internal.platform.Platform log
INFO: date: Wed, 19 Mar 2025 10:33:11 GMT
Mar 19, 2025 1:33:11 PM okhttp3.internal.platform.Platform log
INFO: 
Mar 19, 2025 1:33:11 PM okhttp3.internal.platform.Platform log
INFO: [{"id":5241,"text":"","completed":false}]
Mar 19, 2025 1:33:11 PM okhttp3.internal.platform.Platform log
INFO: <-- END HTTP (41-byte body)
Mar 19, 2025 1:33:11 PM okhttp3.internal.platform.Platform log
INFO: --> DELETE http://localhost:8080/todos/5241
Mar 19, 2025 1:33:11 PM okhttp3.internal.platform.Platform log
INFO: Content-Length: 0
Mar 19, 2025 1:33:11 PM okhttp3.internal.platform.Platform log
INFO: Authorization: Basic YWRtaW46YWRtaW4=
Mar 19, 2025 1:33:11 PM okhttp3.internal.platform.Platform log
INFO: 
Mar 19, 2025 1:33:11 PM okhttp3.internal.platform.Platform log
INFO: 
Mar 19, 2025 1:33:11 PM okhttp3.internal.platform.Platform log
INFO: --> END DELETE (0-byte body)
Mar 19, 2025 1:33:11 PM okhttp3.internal.platform.Platform log
INFO: <-- 204 No Content http://localhost:8080/todos/5241 (1ms)
Mar 19, 2025 1:33:11 PM okhttp3.internal.platform.Platform log
INFO: date: Wed, 19 Mar 2025 10:33:11 GMT
Mar 19, 2025 1:33:11 PM okhttp3.internal.platform.Platform log
INFO: <-- END HTTP
]]></system-err>
  </testcase>
  <testcase name="postTodoSuccess" classname="com.todoapp.PostToDoTests" time="0.021">
    <system-err><![CDATA[Mar 19, 2025 1:33:11 PM okhttp3.internal.platform.Platform log
INFO: --> POST http://localhost:8080/todos
Mar 19, 2025 1:33:11 PM okhttp3.internal.platform.Platform log
INFO: Content-Type: application/json; charset=utf-8
Mar 19, 2025 1:33:11 PM okhttp3.internal.platform.Platform log
INFO: Content-Length: 55
Mar 19, 2025 1:33:11 PM okhttp3.internal.platform.Platform log
INFO: 
Mar 19, 2025 1:33:11 PM okhttp3.internal.platform.Platform log
INFO: {"id":5177,"text":"this is THE text","completed":false}
Mar 19, 2025 1:33:11 PM okhttp3.internal.platform.Platform log
INFO: --> END POST (55-byte body)
Mar 19, 2025 1:33:11 PM okhttp3.internal.platform.Platform log
INFO: <-- 201 Created http://localhost:8080/todos (2ms)
Mar 19, 2025 1:33:11 PM okhttp3.internal.platform.Platform log
INFO: content-length: 0
Mar 19, 2025 1:33:11 PM okhttp3.internal.platform.Platform log
INFO: date: Wed, 19 Mar 2025 10:33:11 GMT
Mar 19, 2025 1:33:11 PM okhttp3.internal.platform.Platform log
INFO: <-- END HTTP (0-byte body)
Mar 19, 2025 1:33:11 PM okhttp3.internal.platform.Platform log
INFO: --> GET http://localhost:8080/todos
Mar 19, 2025 1:33:11 PM okhttp3.internal.platform.Platform log
INFO: --> END GET
Mar 19, 2025 1:33:12 PM okhttp3.internal.platform.Platform log
INFO: <-- 200 OK http://localhost:8080/todos (7ms)
Mar 19, 2025 1:33:12 PM okhttp3.internal.platform.Platform log
INFO: content-type: application/json
Mar 19, 2025 1:33:12 PM okhttp3.internal.platform.Platform log
INFO: content-length: 57
Mar 19, 2025 1:33:12 PM okhttp3.internal.platform.Platform log
INFO: date: Wed, 19 Mar 2025 10:33:11 GMT
Mar 19, 2025 1:33:12 PM okhttp3.internal.platform.Platform log
INFO: 
Mar 19, 2025 1:33:12 PM okhttp3.internal.platform.Platform log
INFO: [{"id":5177,"text":"this is THE text","completed":false}]
Mar 19, 2025 1:33:12 PM okhttp3.internal.platform.Platform log
INFO: <-- END HTTP (57-byte body)
Mar 19, 2025 1:33:12 PM okhttp3.internal.platform.Platform log
INFO: --> GET http://localhost:8080/todos
Mar 19, 2025 1:33:12 PM okhttp3.internal.platform.Platform log
INFO: --> END GET
Mar 19, 2025 1:33:12 PM okhttp3.internal.platform.Platform log
INFO: <-- 200 OK http://localhost:8080/todos (2ms)
Mar 19, 2025 1:33:12 PM okhttp3.internal.platform.Platform log
INFO: content-type: application/json
Mar 19, 2025 1:33:12 PM okhttp3.internal.platform.Platform log
INFO: content-length: 57
Mar 19, 2025 1:33:12 PM okhttp3.internal.platform.Platform log
INFO: date: Wed, 19 Mar 2025 10:33:11 GMT
Mar 19, 2025 1:33:12 PM okhttp3.internal.platform.Platform log
INFO: 
Mar 19, 2025 1:33:12 PM okhttp3.internal.platform.Platform log
INFO: [{"id":5177,"text":"this is THE text","completed":false}]
Mar 19, 2025 1:33:12 PM okhttp3.internal.platform.Platform log
INFO: <-- END HTTP (57-byte body)
Mar 19, 2025 1:33:12 PM okhttp3.internal.platform.Platform log
INFO: --> DELETE http://localhost:8080/todos/5177
Mar 19, 2025 1:33:12 PM okhttp3.internal.platform.Platform log
INFO: Content-Length: 0
Mar 19, 2025 1:33:12 PM okhttp3.internal.platform.Platform log
INFO: Authorization: Basic YWRtaW46YWRtaW4=
Mar 19, 2025 1:33:12 PM okhttp3.internal.platform.Platform log
INFO: 
Mar 19, 2025 1:33:12 PM okhttp3.internal.platform.Platform log
INFO: 
Mar 19, 2025 1:33:12 PM okhttp3.internal.platform.Platform log
INFO: --> END DELETE (0-byte body)
Mar 19, 2025 1:33:12 PM okhttp3.internal.platform.Platform log
INFO: <-- 204 No Content http://localhost:8080/todos/5177 (1ms)
Mar 19, 2025 1:33:12 PM okhttp3.internal.platform.Platform log
INFO: date: Wed, 19 Mar 2025 10:33:11 GMT
Mar 19, 2025 1:33:12 PM okhttp3.internal.platform.Platform log
INFO: <-- END HTTP
]]></system-err>
  </testcase>
  <testcase name="postTodoNullCompleted" classname="com.todoapp.PostToDoTests" time="0.01">
    <system-err><![CDATA[Mar 19, 2025 1:33:12 PM okhttp3.internal.platform.Platform log
INFO: --> POST http://localhost:8080/todos
Mar 19, 2025 1:33:12 PM okhttp3.internal.platform.Platform log
INFO: Content-Type: application/json; charset=utf-8
Mar 19, 2025 1:33:12 PM okhttp3.internal.platform.Platform log
INFO: Content-Length: 54
Mar 19, 2025 1:33:12 PM okhttp3.internal.platform.Platform log
INFO: 
Mar 19, 2025 1:33:12 PM okhttp3.internal.platform.Platform log
INFO: {"id":2490,"text":"this is THE text","completed":null}
Mar 19, 2025 1:33:12 PM okhttp3.internal.platform.Platform log
INFO: --> END POST (54-byte body)
Mar 19, 2025 1:33:12 PM okhttp3.internal.platform.Platform log
INFO: <-- 400 Bad Request http://localhost:8080/todos (2ms)
Mar 19, 2025 1:33:12 PM okhttp3.internal.platform.Platform log
INFO: content-type: text/plain; charset=utf-8
Mar 19, 2025 1:33:12 PM okhttp3.internal.platform.Platform log
INFO: content-length: 90
Mar 19, 2025 1:33:12 PM okhttp3.internal.platform.Platform log
INFO: date: Wed, 19 Mar 2025 10:33:11 GMT
Mar 19, 2025 1:33:12 PM okhttp3.internal.platform.Platform log
INFO: 
Mar 19, 2025 1:33:12 PM okhttp3.internal.platform.Platform log
INFO: Request body deserialize error: invalid type: null, expected a boolean at line 1 column 53
Mar 19, 2025 1:33:12 PM okhttp3.internal.platform.Platform log
INFO: <-- END HTTP (90-byte body)
Mar 19, 2025 1:33:12 PM okhttp3.internal.platform.Platform log
INFO: --> GET http://localhost:8080/todos
Mar 19, 2025 1:33:12 PM okhttp3.internal.platform.Platform log
INFO: --> END GET
Mar 19, 2025 1:33:12 PM okhttp3.internal.platform.Platform log
INFO: <-- 200 OK http://localhost:8080/todos (3ms)
Mar 19, 2025 1:33:12 PM okhttp3.internal.platform.Platform log
INFO: content-type: application/json
Mar 19, 2025 1:33:12 PM okhttp3.internal.platform.Platform log
INFO: content-length: 2
Mar 19, 2025 1:33:12 PM okhttp3.internal.platform.Platform log
INFO: date: Wed, 19 Mar 2025 10:33:11 GMT
Mar 19, 2025 1:33:12 PM okhttp3.internal.platform.Platform log
INFO: 
Mar 19, 2025 1:33:12 PM okhttp3.internal.platform.Platform log
INFO: []
Mar 19, 2025 1:33:12 PM okhttp3.internal.platform.Platform log
INFO: <-- END HTTP (2-byte body)
]]></system-err>
  </testcase>
  <testcase name="postTodoWithTheSameId" classname="com.todoapp.PostToDoTests" time="0.017">
    <system-err><![CDATA[Mar 19, 2025 1:33:12 PM okhttp3.internal.platform.Platform log
INFO: --> POST http://localhost:8080/todos
Mar 19, 2025 1:33:12 PM okhttp3.internal.platform.Platform log
INFO: Content-Type: application/json; charset=utf-8
Mar 19, 2025 1:33:12 PM okhttp3.internal.platform.Platform log
INFO: Content-Length: 55
Mar 19, 2025 1:33:12 PM okhttp3.internal.platform.Platform log
INFO: 
Mar 19, 2025 1:33:12 PM okhttp3.internal.platform.Platform log
INFO: {"id":8202,"text":"this is THE text","completed":false}
Mar 19, 2025 1:33:12 PM okhttp3.internal.platform.Platform log
INFO: --> END POST (55-byte body)
Mar 19, 2025 1:33:12 PM okhttp3.internal.platform.Platform log
INFO: <-- 201 Created http://localhost:8080/todos (1ms)
Mar 19, 2025 1:33:12 PM okhttp3.internal.platform.Platform log
INFO: content-length: 0
Mar 19, 2025 1:33:12 PM okhttp3.internal.platform.Platform log
INFO: date: Wed, 19 Mar 2025 10:33:11 GMT
Mar 19, 2025 1:33:12 PM okhttp3.internal.platform.Platform log
INFO: <-- END HTTP (0-byte body)
Mar 19, 2025 1:33:12 PM okhttp3.internal.platform.Platform log
INFO: --> POST http://localhost:8080/todos
Mar 19, 2025 1:33:12 PM okhttp3.internal.platform.Platform log
INFO: Content-Type: application/json; charset=utf-8
Mar 19, 2025 1:33:12 PM okhttp3.internal.platform.Platform log
INFO: Content-Length: 55
Mar 19, 2025 1:33:12 PM okhttp3.internal.platform.Platform log
INFO: 
Mar 19, 2025 1:33:12 PM okhttp3.internal.platform.Platform log
INFO: {"id":8202,"text":"this is THE text","completed":false}
Mar 19, 2025 1:33:12 PM okhttp3.internal.platform.Platform log
INFO: --> END POST (55-byte body)
Mar 19, 2025 1:33:12 PM okhttp3.internal.platform.Platform log
INFO: <-- 400 Bad Request http://localhost:8080/todos (2ms)
Mar 19, 2025 1:33:12 PM okhttp3.internal.platform.Platform log
INFO: content-length: 0
Mar 19, 2025 1:33:12 PM okhttp3.internal.platform.Platform log
INFO: date: Wed, 19 Mar 2025 10:33:11 GMT
Mar 19, 2025 1:33:12 PM okhttp3.internal.platform.Platform log
INFO: <-- END HTTP (0-byte body)
Mar 19, 2025 1:33:12 PM okhttp3.internal.platform.Platform log
INFO: --> GET http://localhost:8080/todos
Mar 19, 2025 1:33:12 PM okhttp3.internal.platform.Platform log
INFO: --> END GET
Mar 19, 2025 1:33:12 PM okhttp3.internal.platform.Platform log
INFO: <-- 200 OK http://localhost:8080/todos (5ms)
Mar 19, 2025 1:33:12 PM okhttp3.internal.platform.Platform log
INFO: content-type: application/json
Mar 19, 2025 1:33:12 PM okhttp3.internal.platform.Platform log
INFO: content-length: 57
Mar 19, 2025 1:33:12 PM okhttp3.internal.platform.Platform log
INFO: date: Wed, 19 Mar 2025 10:33:11 GMT
Mar 19, 2025 1:33:12 PM okhttp3.internal.platform.Platform log
INFO: 
Mar 19, 2025 1:33:12 PM okhttp3.internal.platform.Platform log
INFO: [{"id":8202,"text":"this is THE text","completed":false}]
Mar 19, 2025 1:33:12 PM okhttp3.internal.platform.Platform log
INFO: <-- END HTTP (57-byte body)
Mar 19, 2025 1:33:12 PM okhttp3.internal.platform.Platform log
INFO: --> DELETE http://localhost:8080/todos/8202
Mar 19, 2025 1:33:12 PM okhttp3.internal.platform.Platform log
INFO: Content-Length: 0
Mar 19, 2025 1:33:12 PM okhttp3.internal.platform.Platform log
INFO: Authorization: Basic YWRtaW46YWRtaW4=
Mar 19, 2025 1:33:12 PM okhttp3.internal.platform.Platform log
INFO: 
Mar 19, 2025 1:33:12 PM okhttp3.internal.platform.Platform log
INFO: 
Mar 19, 2025 1:33:12 PM okhttp3.internal.platform.Platform log
INFO: --> END DELETE (0-byte body)
Mar 19, 2025 1:33:12 PM okhttp3.internal.platform.Platform log
INFO: <-- 204 No Content http://localhost:8080/todos/8202 (2ms)
Mar 19, 2025 1:33:12 PM okhttp3.internal.platform.Platform log
INFO: date: Wed, 19 Mar 2025 10:33:11 GMT
Mar 19, 2025 1:33:12 PM okhttp3.internal.platform.Platform log
INFO: <-- END HTTP
]]></system-err>
  </testcase>
  <testcase name="postToDoWithNullText" classname="com.todoapp.PostToDoTests" time="0.007">
    <system-err><![CDATA[Mar 19, 2025 1:33:12 PM okhttp3.internal.platform.Platform log
INFO: --> POST http://localhost:8080/todos
Mar 19, 2025 1:33:12 PM okhttp3.internal.platform.Platform log
INFO: Content-Type: application/json; charset=utf-8
Mar 19, 2025 1:33:12 PM okhttp3.internal.platform.Platform log
INFO: Content-Length: 41
Mar 19, 2025 1:33:12 PM okhttp3.internal.platform.Platform log
INFO: 
Mar 19, 2025 1:33:12 PM okhttp3.internal.platform.Platform log
INFO: {"id":8455,"text":null,"completed":false}
Mar 19, 2025 1:33:12 PM okhttp3.internal.platform.Platform log
INFO: --> END POST (41-byte body)
Mar 19, 2025 1:33:12 PM okhttp3.internal.platform.Platform log
INFO: <-- 400 Bad Request http://localhost:8080/todos (1ms)
Mar 19, 2025 1:33:12 PM okhttp3.internal.platform.Platform log
INFO: content-type: text/plain; charset=utf-8
Mar 19, 2025 1:33:12 PM okhttp3.internal.platform.Platform log
INFO: content-length: 89
Mar 19, 2025 1:33:12 PM okhttp3.internal.platform.Platform log
INFO: date: Wed, 19 Mar 2025 10:33:11 GMT
Mar 19, 2025 1:33:12 PM okhttp3.internal.platform.Platform log
INFO: 
Mar 19, 2025 1:33:12 PM okhttp3.internal.platform.Platform log
INFO: Request body deserialize error: invalid type: null, expected a string at line 1 column 22
Mar 19, 2025 1:33:12 PM okhttp3.internal.platform.Platform log
INFO: <-- END HTTP (89-byte body)
Mar 19, 2025 1:33:12 PM okhttp3.internal.platform.Platform log
INFO: --> GET http://localhost:8080/todos
Mar 19, 2025 1:33:12 PM okhttp3.internal.platform.Platform log
INFO: --> END GET
Mar 19, 2025 1:33:12 PM okhttp3.internal.platform.Platform log
INFO: <-- 200 OK http://localhost:8080/todos (2ms)
Mar 19, 2025 1:33:12 PM okhttp3.internal.platform.Platform log
INFO: content-type: application/json
Mar 19, 2025 1:33:12 PM okhttp3.internal.platform.Platform log
INFO: content-length: 2
Mar 19, 2025 1:33:12 PM okhttp3.internal.platform.Platform log
INFO: date: Wed, 19 Mar 2025 10:33:11 GMT
Mar 19, 2025 1:33:12 PM okhttp3.internal.platform.Platform log
INFO: 
Mar 19, 2025 1:33:12 PM okhttp3.internal.platform.Platform log
INFO: []
Mar 19, 2025 1:33:12 PM okhttp3.internal.platform.Platform log
INFO: <-- END HTTP (2-byte body)
]]></system-err>
  </testcase>
</testsuite>